0 verbose cli /usr/bin/node /usr/bin/npm
1 info using npm@9.2.0
2 info using node@v18.19.0
3 timing npm:load:whichnode Completed in 1ms
4 timing config:load:defaults Completed in 1ms
5 timing config:load:file:/usr/share/nodejs/npm/npmrc Completed in 3ms
6 timing config:load:builtin Completed in 3ms
7 timing config:load:cli Completed in 2ms
8 timing config:load:env Completed in 0ms
9 timing config:load:project Completed in 4ms
10 timing config:load:file:/var/www/.npmrc Completed in 1ms
11 timing config:load:user Completed in 1ms
12 timing config:load:file:/etc/npmrc Completed in 0ms
13 timing config:load:global Completed in 0ms
14 timing config:load:setEnvs Completed in 1ms
15 timing config:load Completed in 13ms
16 timing npm:load:configload Completed in 13ms
17 timing npm:load:mkdirpcache Completed in 1ms
18 timing npm:load:mkdirplogs Completed in 2ms
19 verbose title npm install
20 verbose argv "install"
21 timing npm:load:setTitle Completed in 2ms
22 timing config:load:flatten Completed in 3ms
23 timing npm:load:display Completed in 4ms
24 verbose logfile logs-max:10 dir:/var/www/.npm/_logs/2024-11-18T05_48_43_392Z-
25 verbose logfile /var/www/.npm/_logs/2024-11-18T05_48_43_392Z-debug-0.log
26 timing npm:load:logFile Completed in 13ms
27 timing npm:load:timers Completed in 0ms
28 timing npm:load:configScope Completed in 0ms
29 timing npm:load Completed in 38ms
30 silly logfile done cleaning log files
31 timing config:load:flatten Completed in 1ms
32 timing arborist:ctor Completed in 1ms
33 timing idealTree:init Completed in 377ms
34 timing idealTree:userRequests Completed in 0ms
35 silly idealTree buildDeps
36 timing idealTree:#root Completed in 1ms
37 timing idealTree:buildDeps Completed in 2ms
38 timing idealTree:fixDepFlags Completed in 0ms
39 timing idealTree Completed in 385ms
40 verbose shrinkwrap failed to load node_modules/.package-lock.json out of date, updated: node_modules
41 timing reify:loadTrees Completed in 1622ms
42 timing reify:diffTrees Completed in 147ms
43 silly reify moves {}
44 timing reify:retireShallow Completed in 1ms
45 timing reify:createSparse Completed in 25ms
46 timing reify:loadBundles Completed in 0ms
47 silly audit bulk request {
47 silly audit   '@alloc/quick-lru': [ '5.2.0' ],
47 silly audit   '@esbuild/aix-ppc64': [ '0.21.5' ],
47 silly audit   '@esbuild/android-arm': [ '0.21.5' ],
47 silly audit   '@esbuild/android-arm64': [ '0.21.5' ],
47 silly audit   '@esbuild/android-x64': [ '0.21.5' ],
47 silly audit   '@esbuild/darwin-arm64': [ '0.21.5' ],
47 silly audit   '@esbuild/darwin-x64': [ '0.21.5' ],
47 silly audit   '@esbuild/freebsd-arm64': [ '0.21.5' ],
47 silly audit   '@esbuild/freebsd-x64': [ '0.21.5' ],
47 silly audit   '@esbuild/linux-arm': [ '0.21.5' ],
47 silly audit   '@esbuild/linux-arm64': [ '0.21.5' ],
47 silly audit   '@esbuild/linux-ia32': [ '0.21.5' ],
47 silly audit   '@esbuild/linux-loong64': [ '0.21.5' ],
47 silly audit   '@esbuild/linux-mips64el': [ '0.21.5' ],
47 silly audit   '@esbuild/linux-ppc64': [ '0.21.5' ],
47 silly audit   '@esbuild/linux-riscv64': [ '0.21.5' ],
47 silly audit   '@esbuild/linux-s390x': [ '0.21.5' ],
47 silly audit   '@esbuild/linux-x64': [ '0.21.5' ],
47 silly audit   '@esbuild/netbsd-x64': [ '0.21.5' ],
47 silly audit   '@esbuild/openbsd-x64': [ '0.21.5' ],
47 silly audit   '@esbuild/sunos-x64': [ '0.21.5' ],
47 silly audit   '@esbuild/win32-arm64': [ '0.21.5' ],
47 silly audit   '@esbuild/win32-ia32': [ '0.21.5' ],
47 silly audit   '@esbuild/win32-x64': [ '0.21.5' ],
47 silly audit   '@fortawesome/fontawesome-common-types': [ '6.6.0' ],
47 silly audit   '@fortawesome/fontawesome-free': [ '6.6.0' ],
47 silly audit   '@fortawesome/fontawesome-svg-core': [ '6.6.0' ],
47 silly audit   '@fortawesome/free-regular-svg-icons': [ '6.6.0' ],
47 silly audit   '@fortawesome/free-solid-svg-icons': [ '6.6.0' ],
47 silly audit   '@fortawesome/react-fontawesome': [ '0.2.2' ],
47 silly audit   '@isaacs/cliui': [ '8.0.2' ],
47 silly audit   '@jridgewell/gen-mapping': [ '0.3.5' ],
47 silly audit   '@jridgewell/resolve-uri': [ '3.1.2' ],
47 silly audit   '@jridgewell/set-array': [ '1.2.1' ],
47 silly audit   '@jridgewell/sourcemap-codec': [ '1.5.0' ],
47 silly audit   '@jridgewell/trace-mapping': [ '0.3.25' ],
47 silly audit   '@nodelib/fs.scandir': [ '2.1.5' ],
47 silly audit   '@nodelib/fs.stat': [ '2.0.5' ],
47 silly audit   '@nodelib/fs.walk': [ '1.2.8' ],
47 silly audit   '@pkgjs/parseargs': [ '0.11.0' ],
47 silly audit   '@rollup/rollup-android-arm-eabi': [ '4.22.5' ],
47 silly audit   '@rollup/rollup-android-arm64': [ '4.22.5' ],
47 silly audit   '@rollup/rollup-darwin-arm64': [ '4.22.5' ],
47 silly audit   '@rollup/rollup-darwin-x64': [ '4.22.5' ],
47 silly audit   '@rollup/rollup-linux-arm-gnueabihf': [ '4.22.5' ],
47 silly audit   '@rollup/rollup-linux-arm-musleabihf': [ '4.22.5' ],
47 silly audit   '@rollup/rollup-linux-arm64-gnu': [ '4.22.5' ],
47 silly audit   '@rollup/rollup-linux-arm64-musl': [ '4.22.5' ],
47 silly audit   '@rollup/rollup-linux-powerpc64le-gnu': [ '4.22.5' ],
47 silly audit   '@rollup/rollup-linux-riscv64-gnu': [ '4.22.5' ],
47 silly audit   '@rollup/rollup-linux-s390x-gnu': [ '4.22.5' ],
47 silly audit   '@rollup/rollup-linux-x64-gnu': [ '4.22.5' ],
47 silly audit   '@rollup/rollup-linux-x64-musl': [ '4.22.5' ],
47 silly audit   '@rollup/rollup-win32-arm64-msvc': [ '4.22.5' ],
47 silly audit   '@rollup/rollup-win32-ia32-msvc': [ '4.22.5' ],
47 silly audit   '@rollup/rollup-win32-x64-msvc': [ '4.22.5' ],
47 silly audit   '@tailwindcss/forms': [ '0.5.9' ],
47 silly audit   '@tailwindcss/typography': [ '0.5.15' ],
47 silly audit   '@types/estree': [ '1.0.6' ],
47 silly audit   'adm-zip': [ '0.5.16' ],
47 silly audit   'ansi-regex': [ '6.1.0', '5.0.1' ],
47 silly audit   'ansi-styles': [ '6.2.1', '4.3.0' ],
47 silly audit   'any-promise': [ '1.3.0' ],
47 silly audit   anymatch: [ '3.1.3' ],
47 silly audit   arg: [ '5.0.2' ],
47 silly audit   asynckit: [ '0.4.0' ],
47 silly audit   autoprefixer: [ '10.4.20' ],
47 silly audit   axios: [ '1.7.7' ],
47 silly audit   'balanced-match': [ '1.0.2' ],
47 silly audit   'binary-extensions': [ '2.3.0' ],
47 silly audit   'brace-expansion': [ '2.0.1' ],
47 silly audit   braces: [ '3.0.3' ],
47 silly audit   browserslist: [ '4.23.3' ],
47 silly audit   'camelcase-css': [ '2.0.1' ],
47 silly audit   'caniuse-lite': [ '1.0.30001660' ],
47 silly audit   chokidar: [ '3.6.0' ],
47 silly audit   'glob-parent': [ '5.1.2', '6.0.2' ],
47 silly audit   'color-convert': [ '2.0.1' ],
47 silly audit   'color-name': [ '1.1.4' ],
47 silly audit   'combined-stream': [ '1.0.8' ],
47 silly audit   commander: [ '4.1.1' ],
47 silly audit   'cross-spawn': [ '7.0.3' ],
47 silly audit   cssesc: [ '3.0.0' ],
47 silly audit   'datatables.net': [ '2.1.7' ],
47 silly audit   'datatables.net-dt': [ '2.1.7' ],
47 silly audit   'datatables.net-editor': [ '2.3.1' ],
47 silly audit   'datatables.net-responsive': [ '3.0.3' ],
47 silly audit   'datatables.net-responsive-dt': [ '3.0.3' ],
47 silly audit   'delayed-stream': [ '1.0.0' ],
47 silly audit   didyoumean: [ '1.2.2' ],
47 silly audit   dlv: [ '1.1.3' ],
47 silly audit   eastasianwidth: [ '0.2.0' ],
47 silly audit   'electron-to-chromium': [ '1.5.24' ],
47 silly audit   'emoji-regex': [ '9.2.2', '8.0.0' ],
47 silly audit   esbuild: [ '0.21.5' ],
47 silly audit   escalade: [ '3.2.0' ],
47 silly audit   'fast-glob': [ '3.3.2' ],
47 silly audit   fastq: [ '1.17.1' ],
47 silly audit   'fill-range': [ '7.1.1' ],
47 silly audit   'follow-redirects': [ '1.15.9' ],
47 silly audit   'foreground-child': [ '3.3.0' ],
47 silly audit   'form-data': [ '4.0.0' ],
47 silly audit   'fraction.js': [ '4.3.7' ],
47 silly audit   fsevents: [ '2.3.3' ],
47 silly audit   'function-bind': [ '1.1.2' ],
47 silly audit   glob: [ '10.4.5' ],
47 silly audit   hasown: [ '2.0.2' ],
47 silly audit   'is-binary-path': [ '2.1.0' ],
47 silly audit   'is-core-module': [ '2.15.1' ],
47 silly audit   'is-extglob': [ '2.1.1' ],
47 silly audit   'is-fullwidth-code-point': [ '3.0.0' ],
47 silly audit   'is-glob': [ '4.0.3' ],
47 silly audit   'is-number': [ '7.0.0' ],
47 silly audit   isexe: [ '2.0.0' ],
47 silly audit   jackspeak: [ '3.4.3' ],
47 silly audit   jiti: [ '1.21.6' ],
47 silly audit   jquery: [ '3.7.1' ],
47 silly audit   'js-tokens': [ '4.0.0' ],
47 silly audit   'laravel-vite-plugin': [ '1.0.5' ],
47 silly audit   lilconfig: [ '2.1.0', '3.1.2' ],
47 silly audit   'lines-and-columns': [ '1.2.4' ],
47 silly audit   'lodash.castarray': [ '4.4.0' ],
47 silly audit   'lodash.isplainobject': [ '4.0.6' ],
47 silly audit   'lodash.merge': [ '4.6.2' ],
47 silly audit   'loose-envify': [ '1.4.0' ],
47 silly audit   'lru-cache': [ '10.4.3' ],
47 silly audit   merge2: [ '1.4.1' ],
47 silly audit   micromatch: [ '4.0.8' ],
47 silly audit   'mime-db': [ '1.52.0' ],
47 silly audit   'mime-types': [ '2.1.35' ],
47 silly audit   'mini-svg-data-uri': [ '1.4.4' ],
47 silly audit   minimatch: [ '9.0.5' ],
47 silly audit   minipass: [ '7.1.2' ],
47 silly audit   mz: [ '2.7.0' ],
47 silly audit   nanoid: [ '3.3.7' ],
47 silly audit   'node-releases': [ '2.0.18' ],
47 silly audit   'normalize-path': [ '3.0.0' ],
47 silly audit   'normalize-range': [ '0.1.2' ],
47 silly audit   'object-assign': [ '4.1.1' ],
47 silly audit   'object-hash': [ '3.0.0' ],
47 silly audit   'package-json-from-dist': [ '1.0.0' ],
47 silly audit   'path-key': [ '3.1.1' ],
47 silly audit   'path-parse': [ '1.0.7' ],
47 silly audit   'path-scurry': [ '1.11.1' ],
47 silly audit   picocolors: [ '1.1.0' ],
47 silly audit   picomatch: [ '2.3.1' ],
47 silly audit   pify: [ '2.3.0' ],
47 silly audit   pirates: [ '4.0.6' ],
47 silly audit   postcss: [ '8.4.47' ],
47 silly audit   'postcss-import': [ '15.1.0' ],
47 silly audit   'postcss-js': [ '4.0.1' ],
47 silly audit   'postcss-load-config': [ '4.0.2' ],
47 silly audit   'postcss-nested': [ '6.2.0' ],
47 silly audit   'postcss-selector-parser': [ '6.1.2', '6.0.10' ],
47 silly audit   'postcss-value-parser': [ '4.2.0' ],
47 silly audit   'prop-types': [ '15.8.1' ],
47 silly audit   'proxy-from-env': [ '1.1.0' ],
47 silly audit   'queue-microtask': [ '1.2.3' ],
47 silly audit   react: [ '18.3.1' ],
47 silly audit   'react-is': [ '16.13.1' ],
47 silly audit   'read-cache': [ '1.0.0' ],
47 silly audit   readdirp: [ '3.6.0' ],
47 silly audit   resolve: [ '1.22.8' ],
47 silly audit   reusify: [ '1.0.4' ],
47 silly audit   rollup: [ '4.22.5' ],
47 silly audit   'run-parallel': [ '1.2.0' ],
47 silly audit   'shebang-command': [ '2.0.0' ],
47 silly audit   'shebang-regex': [ '3.0.0' ],
47 silly audit   'signal-exit': [ '4.1.0' ],
47 silly audit   'source-map-js': [ '1.2.1' ],
47 silly audit   'string-width': [ '5.1.2', '4.2.3' ],
47 silly audit   'strip-ansi': [ '6.0.1', '7.1.0' ],
47 silly audit   sucrase: [ '3.35.0' ],
47 silly audit   'supports-preserve-symlinks-flag': [ '1.0.0' ],
47 silly audit   sweetalert2: [ '11.14.5' ],
47 silly audit   tailwindcss: [ '3.4.13' ],
47 silly audit   thenify: [ '3.3.1' ],
47 silly audit   'thenify-all': [ '1.6.0' ],
47 silly audit   'to-regex-range': [ '5.0.1' ],
47 silly audit   'ts-interface-checker': [ '0.1.13' ],
47 silly audit   'update-browserslist-db': [ '1.1.0' ],
47 silly audit   'util-deprecate': [ '1.0.2' ],
47 silly audit   vite: [ '5.4.6' ],
47 silly audit   'vite-plugin-full-reload': [ '1.2.0' ],
47 silly audit   which: [ '2.0.2' ],
47 silly audit   'wrap-ansi': [ '8.1.0', '7.0.0' ],
47 silly audit   yaml: [ '2.5.1' ]
47 silly audit }
48 verbose reify failed optional dependency /var/www/node_modules/fsevents
49 silly reify mark deleted [ '/var/www/node_modules/fsevents' ]
50 verbose reify failed optional dependency /var/www/node_modules/@rollup/rollup-win32-ia32-msvc
51 silly reify mark deleted [ '/var/www/node_modules/@rollup/rollup-win32-ia32-msvc' ]
52 verbose reify failed optional dependency /var/www/node_modules/@rollup/rollup-win32-arm64-msvc
53 silly reify mark deleted [ '/var/www/node_modules/@rollup/rollup-win32-arm64-msvc' ]
54 verbose reify failed optional dependency /var/www/node_modules/@rollup/rollup-linux-s390x-gnu
55 silly reify mark deleted [ '/var/www/node_modules/@rollup/rollup-linux-s390x-gnu' ]
56 verbose reify failed optional dependency /var/www/node_modules/@rollup/rollup-linux-riscv64-gnu
57 silly reify mark deleted [ '/var/www/node_modules/@rollup/rollup-linux-riscv64-gnu' ]
58 verbose reify failed optional dependency /var/www/node_modules/@rollup/rollup-linux-powerpc64le-gnu
59 silly reify mark deleted [ '/var/www/node_modules/@rollup/rollup-linux-powerpc64le-gnu' ]
60 verbose reify failed optional dependency /var/www/node_modules/@rollup/rollup-linux-arm64-musl
61 silly reify mark deleted [ '/var/www/node_modules/@rollup/rollup-linux-arm64-musl' ]
62 verbose reify failed optional dependency /var/www/node_modules/@rollup/rollup-linux-arm64-gnu
63 silly reify mark deleted [ '/var/www/node_modules/@rollup/rollup-linux-arm64-gnu' ]
64 verbose reify failed optional dependency /var/www/node_modules/@rollup/rollup-linux-arm-musleabihf
65 silly reify mark deleted [ '/var/www/node_modules/@rollup/rollup-linux-arm-musleabihf' ]
66 verbose reify failed optional dependency /var/www/node_modules/@rollup/rollup-linux-arm-gnueabihf
67 silly reify mark deleted [ '/var/www/node_modules/@rollup/rollup-linux-arm-gnueabihf' ]
68 verbose reify failed optional dependency /var/www/node_modules/@rollup/rollup-darwin-x64
69 silly reify mark deleted [ '/var/www/node_modules/@rollup/rollup-darwin-x64' ]
70 verbose reify failed optional dependency /var/www/node_modules/@rollup/rollup-darwin-arm64
71 silly reify mark deleted [ '/var/www/node_modules/@rollup/rollup-darwin-arm64' ]
72 verbose reify failed optional dependency /var/www/node_modules/@rollup/rollup-android-arm64
73 silly reify mark deleted [ '/var/www/node_modules/@rollup/rollup-android-arm64' ]
74 verbose reify failed optional dependency /var/www/node_modules/@rollup/rollup-android-arm-eabi
75 silly reify mark deleted [ '/var/www/node_modules/@rollup/rollup-android-arm-eabi' ]
76 verbose reify failed optional dependency /var/www/node_modules/@esbuild/win32-ia32
77 silly reify mark deleted [ '/var/www/node_modules/@esbuild/win32-ia32' ]
78 verbose reify failed optional dependency /var/www/node_modules/@esbuild/win32-arm64
79 silly reify mark deleted [ '/var/www/node_modules/@esbuild/win32-arm64' ]
80 verbose reify failed optional dependency /var/www/node_modules/@esbuild/sunos-x64
81 silly reify mark deleted [ '/var/www/node_modules/@esbuild/sunos-x64' ]
82 verbose reify failed optional dependency /var/www/node_modules/@esbuild/openbsd-x64
83 silly reify mark deleted [ '/var/www/node_modules/@esbuild/openbsd-x64' ]
84 verbose reify failed optional dependency /var/www/node_modules/@esbuild/netbsd-x64
85 silly reify mark deleted [ '/var/www/node_modules/@esbuild/netbsd-x64' ]
86 verbose reify failed optional dependency /var/www/node_modules/@esbuild/linux-s390x
87 silly reify mark deleted [ '/var/www/node_modules/@esbuild/linux-s390x' ]
88 verbose reify failed optional dependency /var/www/node_modules/@esbuild/linux-riscv64
89 silly reify mark deleted [ '/var/www/node_modules/@esbuild/linux-riscv64' ]
90 verbose reify failed optional dependency /var/www/node_modules/@esbuild/linux-ppc64
91 silly reify mark deleted [ '/var/www/node_modules/@esbuild/linux-ppc64' ]
92 verbose reify failed optional dependency /var/www/node_modules/@esbuild/linux-mips64el
93 silly reify mark deleted [ '/var/www/node_modules/@esbuild/linux-mips64el' ]
94 verbose reify failed optional dependency /var/www/node_modules/@esbuild/linux-loong64
95 silly reify mark deleted [ '/var/www/node_modules/@esbuild/linux-loong64' ]
96 verbose reify failed optional dependency /var/www/node_modules/@esbuild/linux-ia32
97 silly reify mark deleted [ '/var/www/node_modules/@esbuild/linux-ia32' ]
98 verbose reify failed optional dependency /var/www/node_modules/@esbuild/linux-arm64
99 silly reify mark deleted [ '/var/www/node_modules/@esbuild/linux-arm64' ]
100 verbose reify failed optional dependency /var/www/node_modules/@esbuild/linux-arm
101 silly reify mark deleted [ '/var/www/node_modules/@esbuild/linux-arm' ]
102 verbose reify failed optional dependency /var/www/node_modules/@esbuild/freebsd-x64
103 silly reify mark deleted [ '/var/www/node_modules/@esbuild/freebsd-x64' ]
104 verbose reify failed optional dependency /var/www/node_modules/@esbuild/freebsd-arm64
105 silly reify mark deleted [ '/var/www/node_modules/@esbuild/freebsd-arm64' ]
106 verbose reify failed optional dependency /var/www/node_modules/@esbuild/darwin-x64
107 silly reify mark deleted [ '/var/www/node_modules/@esbuild/darwin-x64' ]
108 verbose reify failed optional dependency /var/www/node_modules/@esbuild/darwin-arm64
109 silly reify mark deleted [ '/var/www/node_modules/@esbuild/darwin-arm64' ]
110 verbose reify failed optional dependency /var/www/node_modules/@esbuild/android-x64
111 silly reify mark deleted [ '/var/www/node_modules/@esbuild/android-x64' ]
112 verbose reify failed optional dependency /var/www/node_modules/@esbuild/android-arm64
113 silly reify mark deleted [ '/var/www/node_modules/@esbuild/android-arm64' ]
114 verbose reify failed optional dependency /var/www/node_modules/@esbuild/android-arm
115 silly reify mark deleted [ '/var/www/node_modules/@esbuild/android-arm' ]
116 verbose reify failed optional dependency /var/www/node_modules/@esbuild/aix-ppc64
117 silly reify mark deleted [ '/var/www/node_modules/@esbuild/aix-ppc64' ]
118 timing reifyNode:node_modules/fsevents Completed in 203ms
119 timing reifyNode:node_modules/@rollup/rollup-win32-ia32-msvc Completed in 203ms
120 timing reifyNode:node_modules/@rollup/rollup-win32-arm64-msvc Completed in 203ms
121 timing reifyNode:node_modules/@rollup/rollup-linux-s390x-gnu Completed in 203ms
122 timing reifyNode:node_modules/@rollup/rollup-linux-riscv64-gnu Completed in 203ms
123 timing reifyNode:node_modules/@rollup/rollup-linux-powerpc64le-gnu Completed in 204ms
124 timing reifyNode:node_modules/@rollup/rollup-linux-arm64-musl Completed in 204ms
125 timing reifyNode:node_modules/@rollup/rollup-linux-arm64-gnu Completed in 204ms
126 timing reifyNode:node_modules/@rollup/rollup-linux-arm-musleabihf Completed in 204ms
127 timing reifyNode:node_modules/@rollup/rollup-linux-arm-gnueabihf Completed in 203ms
128 timing reifyNode:node_modules/@rollup/rollup-darwin-x64 Completed in 203ms
129 timing reifyNode:node_modules/@rollup/rollup-darwin-arm64 Completed in 204ms
130 timing reifyNode:node_modules/@rollup/rollup-android-arm64 Completed in 204ms
131 timing reifyNode:node_modules/@rollup/rollup-android-arm-eabi Completed in 204ms
132 timing reifyNode:node_modules/@esbuild/win32-ia32 Completed in 204ms
133 timing reifyNode:node_modules/@esbuild/win32-arm64 Completed in 204ms
134 timing reifyNode:node_modules/@esbuild/sunos-x64 Completed in 204ms
135 timing reifyNode:node_modules/@esbuild/openbsd-x64 Completed in 204ms
136 timing reifyNode:node_modules/@esbuild/netbsd-x64 Completed in 205ms
137 timing reifyNode:node_modules/@esbuild/linux-s390x Completed in 205ms
138 timing reifyNode:node_modules/@esbuild/linux-riscv64 Completed in 205ms
139 timing reifyNode:node_modules/@esbuild/linux-ppc64 Completed in 205ms
140 timing reifyNode:node_modules/@esbuild/linux-mips64el Completed in 205ms
141 timing reifyNode:node_modules/@esbuild/linux-loong64 Completed in 205ms
142 timing reifyNode:node_modules/@esbuild/linux-ia32 Completed in 206ms
143 timing reifyNode:node_modules/@esbuild/linux-arm64 Completed in 206ms
144 timing reifyNode:node_modules/@esbuild/linux-arm Completed in 206ms
145 timing reifyNode:node_modules/@esbuild/freebsd-x64 Completed in 206ms
146 timing reifyNode:node_modules/@esbuild/freebsd-arm64 Completed in 206ms
147 timing reifyNode:node_modules/@esbuild/darwin-x64 Completed in 206ms
148 timing reifyNode:node_modules/@esbuild/darwin-arm64 Completed in 207ms
149 timing reifyNode:node_modules/@esbuild/android-x64 Completed in 207ms
150 timing reifyNode:node_modules/@esbuild/android-arm64 Completed in 207ms
151 timing reifyNode:node_modules/@esbuild/android-arm Completed in 207ms
152 timing reifyNode:node_modules/@esbuild/aix-ppc64 Completed in 207ms
153 timing reify:unpack Completed in 208ms
154 timing reify:unretire Completed in 0ms
155 timing build:queue Completed in 9ms
156 timing build:deps Completed in 10ms
157 timing build Completed in 11ms
158 timing reify:build Completed in 11ms
159 timing reify:trash Completed in 31ms
160 timing reify:save Completed in 39ms
161 http fetch POST 200 https://registry.npmjs.org/-/npm/v1/security/advisories/bulk 743ms
162 timing auditReport:getReport Completed in 748ms
163 silly audit report {
163 silly audit report   sweetalert2: [
163 silly audit report     {
163 silly audit report       id: 1094698,
163 silly audit report       url: 'https://github.com/advisories/GHSA-mrr8-v49w-3333',
163 silly audit report       title: 'sweetalert2 v11.6.14 and above contains potentially undesirable behavior',
163 silly audit report       severity: 'low',
163 silly audit report       vulnerable_versions: '>=11.6.14',
163 silly audit report       cwe: [Array],
163 silly audit report       cvss: [Object]
163 silly audit report     }
163 silly audit report   ]
163 silly audit report }
164 timing metavuln:cache:get:security-advisory:sweetalert2:QzLOSqAAkGhJ25cQCy5uSxuulxdfwjQuyQzs+b+lKcK0CxnDHQTju771VUTOVc9Ky3yW6znm2XqYL/6uyAnxJw== Completed in 4ms
165 http fetch GET 200 https://registry.npmjs.org/sweetalert2 181ms (cache miss)
166 timing metavuln:packument:sweetalert2 Completed in 193ms
167 timing metavuln:load:security-advisory:sweetalert2:1094698 Completed in 14ms
168 timing metavuln:cache:put:security-advisory:sweetalert2:QzLOSqAAkGhJ25cQCy5uSxuulxdfwjQuyQzs+b+lKcK0CxnDHQTju771VUTOVc9Ky3yW6znm2XqYL/6uyAnxJw== Completed in 26ms
169 timing metavuln:calculate:security-advisory:sweetalert2:1094698 Completed in 235ms
170 timing auditReport:init Completed in 240ms
171 timing reify:audit Completed in 989ms
172 timing reify Completed in 2788ms
173 silly ADD
174 silly ADD
175 silly ADD
176 silly ADD
177 silly ADD
178 silly ADD
179 silly ADD
180 silly ADD
181 silly ADD
182 silly ADD
183 silly ADD
184 silly ADD
185 silly ADD
186 silly ADD
187 silly ADD
188 silly ADD
189 silly ADD
190 silly ADD
191 silly ADD
192 silly ADD
193 silly ADD
194 silly ADD
195 silly ADD
196 silly ADD
197 silly ADD
198 silly ADD
199 silly ADD
200 silly ADD
201 silly ADD
202 silly ADD
203 silly ADD
204 silly ADD
205 silly ADD
206 silly ADD
207 silly ADD
208 timing command:install Completed in 2820ms
209 verbose exit 0
210 timing npm Completed in 2874ms
211 info ok
